19.04.2022 21:58:26   deneme log bu sekilde
19.04.2022 22:00:58   Giriş Yaptı
19.04.2022 22:09:19   0
19.04.2022 22:09:54   0
19.04.2022 22:09:55   0
19.04.2022 22:10:17   0
19.04.2022 22:10:50   qweqwe
19.04.2022 22:11:24   qweqwe
19.04.2022 22:11:49   OOMB ADMİNqweqwe
19.04.2022 22:11:53   OOMB ADMİNqweqwe
19.04.2022 22:12:32   OOMB ADMİN GİRİŞ YAPTI
19.04.2022 22:13:03   OOMB ADMİN GİRİŞ YAPTI
19.04.2022 22:15:59    GİRİŞ YAPTI
19.04.2022 22:16:00    GİRİŞ YAPTI
19.04.2022 22:17:54   OOMB ADMİN GİRİŞ YAPTI
19.04.2022 22:18:36   OOMB ADMİN GİRİŞ YAPTI
19.04.2022 22:22:42   OOMB ADMİN GİRİŞ YAPTI
19.04.2022 22:23:00   OOMB ADMİN GİRİŞ YAPTI
19.04.2022 22:23:27   OOMB ADMİN GİRİŞ YAPTI
19.04.2022 22:23:32   OOMB ADMİN GİRİŞ YAPTI
19.04.2022 22:23:50   OOMB ADMİN GİRİŞ YAPTI
19.04.2022 22:23:52    ÇIKIŞ YAPTI
19.04.2022 22:24:18   OOMB ADMİN GİRİŞ YAPTI
19.04.2022 22:24:20   OOMB ADMİN ÇIKIŞ YAPTI
19.04.2022 22:27:18   OOMB ADMİN GİRİŞ YAPTI
19.04.2022 22:27:45   OOMB ADMİN ÇIKIŞ YAPTI
19.04.2022 22:31:10   OOMB ADMİN GİRİŞ YAPTI
19.04.2022 22:31:24   OOMB ADMİN GİRİŞ YAPTI
19.04.2022 22:33:04   OOMB ADMİN GİRİŞ YAPTI
19.04.2022 22:33:39   OOMB ADMİN GİRİŞ YAPTI
19.04.2022 22:33:56   OOMB ADMİN GİRİŞ YAPTI
19.04.2022 22:34:01   OOMB ADMİN ÇIKIŞ YAPTI
